  Determining projects to restore...
  Restored C:\Users\Trist\source\repos\BookLoggerApp\BookLoggerApp.Tests\BookLoggerApp.Tests.csproj (in 186 ms).
  Restored C:\Users\Trist\source\repos\BookLoggerApp\BookLoggerApp.Core\BookLoggerApp.Core.csproj (in 186 ms).
  Restored C:\Users\Trist\source\repos\BookLoggerApp\BookLoggerApp.Infrastructure\BookLoggerApp.Infrastructure.csproj (in 245 ms).
  Restored C:\Users\Trist\source\repos\BookLoggerApp\BookLoggerApp\BookLoggerApp.csproj (in 874 ms).
  BookLoggerApp.Core -> C:\Users\Trist\source\repos\BookLoggerApp\BookLoggerApp.Core\bin\Debug\net10.0\BookLoggerApp.Core.dll
  BookLoggerApp.Infrastructure -> C:\Users\Trist\source\repos\BookLoggerApp\BookLoggerApp.Infrastructure\bin\Debug\net10.0\BookLoggerApp.Infrastructure.dll
C:\Users\Trist\source\repos\BookLoggerApp\BookLoggerApp.Tests\Integration\MigrationTests.cs(55,17): error CS1061: 'Book' does not contain a definition for 'Rating' and no accessible extension method 'Rating' accepting a first argument of type 'Book' could be found (are you missing a using directive or an assembly reference?) [C:\Users\Trist\source\repos\BookLoggerApp\BookLoggerApp.Tests\BookLoggerApp.Tests.csproj]
C:\Users\Trist\source\repos\BookLoggerApp\BookLoggerApp.Tests\Integration\MigrationTests.cs(66,24): error CS1061: 'Book' does not contain a definition for 'OverallRating' and no accessible extension method 'OverallRating' accepting a first argument of type 'Book' could be found (are you missing a using directive or an assembly reference?) [C:\Users\Trist\source\repos\BookLoggerApp\BookLoggerApp.Tests\BookLoggerApp.Tests.csproj]
C:\Users\Trist\source\repos\BookLoggerApp\BookLoggerApp.Tests\Integration\MigrationTests.cs(68,23): error CS1061: 'Book' does not contain a definition for 'Rating' and no accessible extension method 'Rating' accepting a first argument of type 'Book' could be found (are you missing a using directive or an assembly reference?) [C:\Users\Trist\source\repos\BookLoggerApp\BookLoggerApp.Tests\BookLoggerApp.Tests.csproj]
C:\Users\Trist\source\repos\BookLoggerApp\BookLoggerApp.Tests\Integration\MigrationTests.cs(87,14): error CS1061: 'Book' does not contain a definition for 'Rating' and no accessible extension method 'Rating' accepting a first argument of type 'Book' could be found (are you missing a using directive or an assembly reference?) [C:\Users\Trist\source\repos\BookLoggerApp\BookLoggerApp.Tests\BookLoggerApp.Tests.csproj]
C:\Users\Trist\source\repos\BookLoggerApp\BookLoggerApp.Tests\Integration\MigrationTests.cs(105,22): error CS1061: 'Book' does not contain a definition for 'OverallRating' and no accessible extension method 'OverallRating' accepting a first argument of type 'Book' could be found (are you missing a using directive or an assembly reference?) [C:\Users\Trist\source\repos\BookLoggerApp\BookLoggerApp.Tests\BookLoggerApp.Tests.csproj]
C:\Users\Trist\source\repos\BookLoggerApp\BookLoggerApp.Tests\Integration\RatingIntegrationTests.cs(57,13): error CS0117: 'Book' does not contain a definition for 'OverallRating' [C:\Users\Trist\source\repos\BookLoggerApp\BookLoggerApp.Tests\BookLoggerApp.Tests.csproj]
C:\Users\Trist\source\repos\BookLoggerApp\BookLoggerApp.Tests\Integration\RatingIntegrationTests.cs(78,23): error CS1061: 'Book' does not contain a definition for 'OverallRating' and no accessible extension method 'OverallRating' accepting a first argument of type 'Book' could be found (are you missing a using directive or an assembly reference?) [C:\Users\Trist\source\repos\BookLoggerApp\BookLoggerApp.Tests\BookLoggerApp.Tests.csproj]
C:\Users\Trist\source\repos\BookLoggerApp\BookLoggerApp.Tests\Models\BookTests.cs(128,13): error CS0117: 'Book' does not contain a definition for 'OverallRating' [C:\Users\Trist\source\repos\BookLoggerApp\BookLoggerApp.Tests\BookLoggerApp.Tests.csproj]
C:\Users\Trist\source\repos\BookLoggerApp\BookLoggerApp.Tests\Integration\MigrationTests.cs(129,13): error CS0117: 'Book' does not contain a definition for 'OverallRating' [C:\Users\Trist\source\repos\BookLoggerApp\BookLoggerApp.Tests\BookLoggerApp.Tests.csproj]
C:\Users\Trist\source\repos\BookLoggerApp\BookLoggerApp.Tests\Integration\MigrationTests.cs(144,23): error CS1061: 'Book' does not contain a definition for 'OverallRating' and no accessible extension method 'OverallRating' accepting a first argument of type 'Book' could be found (are you missing a using directive or an assembly reference?) [C:\Users\Trist\source\repos\BookLoggerApp\BookLoggerApp.Tests\BookLoggerApp.Tests.csproj]
C:\Users\Trist\source\repos\BookLoggerApp\BookLoggerApp.Tests\Services\StatsServiceTests.cs(187,13): error CS1912: Duplicate initialization of member 'WorldBuildingRating' [C:\Users\Trist\source\repos\BookLoggerApp\BookLoggerApp.Tests\BookLoggerApp.Tests.csproj]
C:\Users\Trist\source\repos\BookLoggerApp\BookLoggerApp.Tests\Models\BookTests.cs(181,14): error CS1061: 'Book' does not contain a definition for 'Rating' and no accessible extension method 'Rating' accepting a first argument of type 'Book' could be found (are you missing a using directive or an assembly reference?) [C:\Users\Trist\source\repos\BookLoggerApp\BookLoggerApp.Tests\BookLoggerApp.Tests.csproj]
C:\Users\Trist\source\repos\BookLoggerApp\BookLoggerApp.Tests\Models\BookTests.cs(184,14): error CS1061: 'Book' does not contain a definition for 'OverallRating' and no accessible extension method 'OverallRating' accepting a first argument of type 'Book' could be found (are you missing a using directive or an assembly reference?) [C:\Users\Trist\source\repos\BookLoggerApp\BookLoggerApp.Tests\BookLoggerApp.Tests.csproj]
C:\Users\Trist\source\repos\BookLoggerApp\BookLoggerApp.Tests\Models\BookTests.cs(185,14): error CS1061: 'Book' does not contain a definition for 'Rating' and no accessible extension method 'Rating' accepting a first argument of type 'Book' could be found (are you missing a using directive or an assembly reference?) [C:\Users\Trist\source\repos\BookLoggerApp\BookLoggerApp.Tests\BookLoggerApp.Tests.csproj]
C:\Users\Trist\source\repos\BookLoggerApp\BookLoggerApp.Tests\Models\BookTests.cs(195,13): error CS0117: 'Book' does not contain a definition for 'OverallRating' [C:\Users\Trist\source\repos\BookLoggerApp\BookLoggerApp.Tests\BookLoggerApp.Tests.csproj]
C:\Users\Trist\source\repos\BookLoggerApp\BookLoggerApp.Tests\Models\BookTests.cs(200,14): error CS1061: 'Book' does not contain a definition for 'Rating' and no accessible extension method 'Rating' accepting a first argument of type 'Book' could be found (are you missing a using directive or an assembly reference?) [C:\Users\Trist\source\repos\BookLoggerApp\BookLoggerApp.Tests\BookLoggerApp.Tests.csproj]
C:\Users\Trist\source\repos\BookLoggerApp\BookLoggerApp.Tests\Integration\RatingIntegrationTests.cs(294,14): error CS1061: 'Book' does not contain a definition for 'Rating' and no accessible extension method 'Rating' accepting a first argument of type 'Book' could be found (are you missing a using directive or an assembly reference?) [C:\Users\Trist\source\repos\BookLoggerApp\BookLoggerApp.Tests\BookLoggerApp.Tests.csproj]
C:\Users\Trist\source\repos\BookLoggerApp\BookLoggerApp.Tests\Integration\RatingIntegrationTests.cs(303,20): error CS1061: 'Book' does not contain a definition for 'OverallRating' and no accessible extension method 'OverallRating' accepting a first argument of type 'Book' could be found (are you missing a using directive or an assembly reference?) [C:\Users\Trist\source\repos\BookLoggerApp\BookLoggerApp.Tests\BookLoggerApp.Tests.csproj]
C:\Users\Trist\source\repos\BookLoggerApp\BookLoggerApp.Tests\Integration\RatingIntegrationTests.cs(305,19): error CS1061: 'Book' does not contain a definition for 'Rating' and no accessible extension method 'Rating' accepting a first argument of type 'Book' could be found (are you missing a using directive or an assembly reference?) [C:\Users\Trist\source\repos\BookLoggerApp\BookLoggerApp.Tests\BookLoggerApp.Tests.csproj]
C:\Users\Trist\source\repos\BookLoggerApp\BookLoggerApp.Tests\Integration\RatingIntegrationTests.cs(309,97): error CS0117: 'RatingCategory' does not contain a definition for 'Overall' [C:\Users\Trist\source\repos\BookLoggerApp\BookLoggerApp.Tests\BookLoggerApp.Tests.csproj]
C:\Users\Trist\source\repos\BookLoggerApp\BookLoggerApp.Tests\Integration\MigrationTests.cs(161,22): error CS1061: 'Book' does not contain a definition for 'Rating' and no accessible extension method 'Rating' accepting a first argument of type 'Book' could be found (are you missing a using directive or an assembly reference?) [C:\Users\Trist\source\repos\BookLoggerApp\BookLoggerApp.Tests\BookLoggerApp.Tests.csproj]
C:\Users\Trist\source\repos\BookLoggerApp\BookLoggerApp.Tests\Integration\MigrationTests.cs(178,13): error CS0117: 'Book' does not contain a definition for 'OverallRating' [C:\Users\Trist\source\repos\BookLoggerApp\BookLoggerApp.Tests\BookLoggerApp.Tests.csproj]
C:\Users\Trist\source\repos\BookLoggerApp\BookLoggerApp.Tests\Integration\MigrationTests.cs(195,22): error CS1061: 'Book' does not contain a definition for 'OverallRating' and no accessible extension method 'OverallRating' accepting a first argument of type 'Book' could be found (are you missing a using directive or an assembly reference?) [C:\Users\Trist\source\repos\BookLoggerApp\BookLoggerApp.Tests\BookLoggerApp.Tests.csproj]
C:\Users\Trist\source\repos\BookLoggerApp\BookLoggerApp.Tests\Integration\MigrationTests.cs(206,25): error CS1061: 'Book' does not contain a definition for 'OverallRating' and no accessible extension method 'OverallRating' accepting a first argument of type 'Book' could be found (are you missing a using directive or an assembly reference?) [C:\Users\Trist\source\repos\BookLoggerApp\BookLoggerApp.Tests\BookLoggerApp.Tests.csproj]
C:\Users\Trist\source\repos\BookLoggerApp\BookLoggerApp.Tests\Integration\MigrationTests.cs(229,13): error CS0117: 'Book' does not contain a definition for 'OverallRating' [C:\Users\Trist\source\repos\BookLoggerApp\BookLoggerApp.Tests\BookLoggerApp.Tests.csproj]
C:\Users\Trist\source\repos\BookLoggerApp\BookLoggerApp.Tests\Integration\MigrationTests.cs(244,19): error CS1061: 'Book' does not contain a definition for 'OverallRating' and no accessible extension method 'OverallRating' accepting a first argument of type 'Book' could be found (are you missing a using directive or an assembly reference?) [C:\Users\Trist\source\repos\BookLoggerApp\BookLoggerApp.Tests\BookLoggerApp.Tests.csproj]
C:\Users\Trist\source\repos\BookLoggerApp\BookLoggerApp.Tests\Integration\RatingIntegrationTests.cs(383,13): error CS0117: 'Book' does not contain a definition for 'OverallRating' [C:\Users\Trist\source\repos\BookLoggerApp\BookLoggerApp.Tests\BookLoggerApp.Tests.csproj]
C:\Users\Trist\source\repos\BookLoggerApp\BookLoggerApp.Tests\Integration\RatingIntegrationTests.cs(402,40): error CS0117: 'RatingCategory' does not contain a definition for 'Overall' [C:\Users\Trist\source\repos\BookLoggerApp\BookLoggerApp.Tests\BookLoggerApp.Tests.csproj]
C:\Users\Trist\source\repos\BookLoggerApp\BookLoggerApp.Tests\Integration\MigrationTests.cs(299,14): error CS1061: 'Book' does not contain a definition for 'Rating' and no accessible extension method 'Rating' accepting a first argument of type 'Book' could be found (are you missing a using directive or an assembly reference?) [C:\Users\Trist\source\repos\BookLoggerApp\BookLoggerApp.Tests\BookLoggerApp.Tests.csproj]
C:\Users\Trist\source\repos\BookLoggerApp\BookLoggerApp.Tests\Integration\MigrationTests.cs(309,20): error CS1061: 'Book' does not contain a definition for 'OverallRating' and no accessible extension method 'OverallRating' accepting a first argument of type 'Book' could be found (are you missing a using directive or an assembly reference?) [C:\Users\Trist\source\repos\BookLoggerApp\BookLoggerApp.Tests\BookLoggerApp.Tests.csproj]
C:\Users\Trist\source\repos\BookLoggerApp\BookLoggerApp.Tests\Integration\MigrationTests.cs(311,19): error CS1061: 'Book' does not contain a definition for 'Rating' and no accessible extension method 'Rating' accepting a first argument of type 'Book' could be found (are you missing a using directive or an assembly reference?) [C:\Users\Trist\source\repos\BookLoggerApp\BookLoggerApp.Tests\BookLoggerApp.Tests.csproj]
C:\Users\Trist\source\repos\BookLoggerApp\BookLoggerApp.Tests\Integration\MigrationTests.cs(316,19): error CS1061: 'Book' does not contain a definition for 'Rating' and no accessible extension method 'Rating' accepting a first argument of type 'Book' could be found (are you missing a using directive or an assembly reference?) [C:\Users\Trist\source\repos\BookLoggerApp\BookLoggerApp.Tests\BookLoggerApp.Tests.csproj]
C:\Users\Trist\source\repos\BookLoggerApp\BookLoggerApp.Tests\Integration\MigrationTests.cs(323,22): error CS1061: 'Book' does not contain a definition for 'OverallRating' and no accessible extension method 'OverallRating' accepting a first argument of type 'Book' could be found (are you missing a using directive or an assembly reference?) [C:\Users\Trist\source\repos\BookLoggerApp\BookLoggerApp.Tests\BookLoggerApp.Tests.csproj]
C:\Users\Trist\source\repos\BookLoggerApp\BookLoggerApp.Tests\Integration\MigrationTests.cs(325,21): error CS1061: 'Book' does not contain a definition for 'Rating' and no accessible extension method 'Rating' accepting a first argument of type 'Book' could be found (are you missing a using directive or an assembly reference?) [C:\Users\Trist\source\repos\BookLoggerApp\BookLoggerApp.Tests\BookLoggerApp.Tests.csproj]
C:\Users\Trist\source\repos\BookLoggerApp\BookLoggerApp.Tests\Services\StatsServiceTests.cs(389,13): error CS1912: Duplicate initialization of member 'WorldBuildingRating' [C:\Users\Trist\source\repos\BookLoggerApp\BookLoggerApp.Tests\BookLoggerApp.Tests.csproj]
  BookLoggerApp -> C:\Users\Trist\source\repos\BookLoggerApp\BookLoggerApp\bin\Debug\net10.0-ios\iossimulator-x64\BookLoggerApp.dll
  BookLoggerApp -> C:\Users\Trist\source\repos\BookLoggerApp\BookLoggerApp\bin\Debug\net10.0-maccatalyst\maccatalyst-x64\BookLoggerApp.dll
  BookLoggerApp -> C:\Users\Trist\source\repos\BookLoggerApp\BookLoggerApp\bin\Debug\net10.0-android\BookLoggerApp.dll
  BookLoggerApp.Core -> C:\Users\Trist\source\repos\BookLoggerApp\BookLoggerApp.Core\bin\Debug\net10.0\BookLoggerApp.Core.dll
  BookLoggerApp.Infrastructure -> C:\Users\Trist\source\repos\BookLoggerApp\BookLoggerApp.Infrastructure\bin\Debug\net10.0\BookLoggerApp.Infrastructure.dll
C:\Program Files\dotnet\packs\Microsoft.Android.Sdk.Windows\36.1.2\targets\Microsoft.Android.Sdk.AssemblyResolution.targets(49,7): warning XA1024: Ignoring configuration file 'C:\Users\Trist\.nuget\packages\microsoft.codeanalysis.workspaces.msbuild\4.14.0\contentFiles\any\any\BuildHost-net472\Microsoft.CodeAnalysis.Workspaces.MSBuild.BuildHost.exe.config'. .NET configuration files are not supported in .NET for Android projects that target .NET 6 or higher. [C:\Users\Trist\source\repos\BookLoggerApp\BookLoggerApp\BookLoggerApp.csproj::TargetFramework=net10.0-android]
C:\Program Files\dotnet\packs\Microsoft.Android.Sdk.Windows\36.1.2\targets\Microsoft.Android.Sdk.AssemblyResolution.targets(49,7): warning XA1024: Ignoring configuration file 'C:\Users\Trist\.nuget\packages\microsoft.codeanalysis.workspaces.msbuild\4.14.0\contentFiles\any\any\BuildHost-netcore\Microsoft.CodeAnalysis.Workspaces.MSBuild.BuildHost.dll.config'. .NET configuration files are not supported in .NET for Android projects that target .NET 6 or higher. [C:\Users\Trist\source\repos\BookLoggerApp\BookLoggerApp\BookLoggerApp.csproj::TargetFramework=net10.0-android]
  BookLoggerApp -> C:\Users\Trist\source\repos\BookLoggerApp\BookLoggerApp\bin\Debug\net10.0-windows10.0.19041.0\win-x64\BookLoggerApp.dll

Build FAILED.

C:\Program Files\dotnet\packs\Microsoft.Android.Sdk.Windows\36.1.2\targets\Microsoft.Android.Sdk.AssemblyResolution.targets(49,7): warning XA1024: Ignoring configuration file 'C:\Users\Trist\.nuget\packages\microsoft.codeanalysis.workspaces.msbuild\4.14.0\contentFiles\any\any\BuildHost-net472\Microsoft.CodeAnalysis.Workspaces.MSBuild.BuildHost.exe.config'. .NET configuration files are not supported in .NET for Android projects that target .NET 6 or higher. [C:\Users\Trist\source\repos\BookLoggerApp\BookLoggerApp\BookLoggerApp.csproj::TargetFramework=net10.0-android]
C:\Program Files\dotnet\packs\Microsoft.Android.Sdk.Windows\36.1.2\targets\Microsoft.Android.Sdk.AssemblyResolution.targets(49,7): warning XA1024: Ignoring configuration file 'C:\Users\Trist\.nuget\packages\microsoft.codeanalysis.workspaces.msbuild\4.14.0\contentFiles\any\any\BuildHost-netcore\Microsoft.CodeAnalysis.Workspaces.MSBuild.BuildHost.dll.config'. .NET configuration files are not supported in .NET for Android projects that target .NET 6 or higher. [C:\Users\Trist\source\repos\BookLoggerApp\BookLoggerApp\BookLoggerApp.csproj::TargetFramework=net10.0-android]
C:\Users\Trist\source\repos\BookLoggerApp\BookLoggerApp.Tests\Integration\MigrationTests.cs(55,17): error CS1061: 'Book' does not contain a definition for 'Rating' and no accessible extension method 'Rating' accepting a first argument of type 'Book' could be found (are you missing a using directive or an assembly reference?) [C:\Users\Trist\source\repos\BookLoggerApp\BookLoggerApp.Tests\BookLoggerApp.Tests.csproj]
C:\Users\Trist\source\repos\BookLoggerApp\BookLoggerApp.Tests\Integration\MigrationTests.cs(66,24): error CS1061: 'Book' does not contain a definition for 'OverallRating' and no accessible extension method 'OverallRating' accepting a first argument of type 'Book' could be found (are you missing a using directive or an assembly reference?) [C:\Users\Trist\source\repos\BookLoggerApp\BookLoggerApp.Tests\BookLoggerApp.Tests.csproj]
C:\Users\Trist\source\repos\BookLoggerApp\BookLoggerApp.Tests\Integration\MigrationTests.cs(68,23): error CS1061: 'Book' does not contain a definition for 'Rating' and no accessible extension method 'Rating' accepting a first argument of type 'Book' could be found (are you missing a using directive or an assembly reference?) [C:\Users\Trist\source\repos\BookLoggerApp\BookLoggerApp.Tests\BookLoggerApp.Tests.csproj]
C:\Users\Trist\source\repos\BookLoggerApp\BookLoggerApp.Tests\Integration\MigrationTests.cs(87,14): error CS1061: 'Book' does not contain a definition for 'Rating' and no accessible extension method 'Rating' accepting a first argument of type 'Book' could be found (are you missing a using directive or an assembly reference?) [C:\Users\Trist\source\repos\BookLoggerApp\BookLoggerApp.Tests\BookLoggerApp.Tests.csproj]
C:\Users\Trist\source\repos\BookLoggerApp\BookLoggerApp.Tests\Integration\MigrationTests.cs(105,22): error CS1061: 'Book' does not contain a definition for 'OverallRating' and no accessible extension method 'OverallRating' accepting a first argument of type 'Book' could be found (are you missing a using directive or an assembly reference?) [C:\Users\Trist\source\repos\BookLoggerApp\BookLoggerApp.Tests\BookLoggerApp.Tests.csproj]
C:\Users\Trist\source\repos\BookLoggerApp\BookLoggerApp.Tests\Integration\RatingIntegrationTests.cs(57,13): error CS0117: 'Book' does not contain a definition for 'OverallRating' [C:\Users\Trist\source\repos\BookLoggerApp\BookLoggerApp.Tests\BookLoggerApp.Tests.csproj]
C:\Users\Trist\source\repos\BookLoggerApp\BookLoggerApp.Tests\Integration\RatingIntegrationTests.cs(78,23): error CS1061: 'Book' does not contain a definition for 'OverallRating' and no accessible extension method 'OverallRating' accepting a first argument of type 'Book' could be found (are you missing a using directive or an assembly reference?) [C:\Users\Trist\source\repos\BookLoggerApp\BookLoggerApp.Tests\BookLoggerApp.Tests.csproj]
C:\Users\Trist\source\repos\BookLoggerApp\BookLoggerApp.Tests\Models\BookTests.cs(128,13): error CS0117: 'Book' does not contain a definition for 'OverallRating' [C:\Users\Trist\source\repos\BookLoggerApp\BookLoggerApp.Tests\BookLoggerApp.Tests.csproj]
C:\Users\Trist\source\repos\BookLoggerApp\BookLoggerApp.Tests\Integration\MigrationTests.cs(129,13): error CS0117: 'Book' does not contain a definition for 'OverallRating' [C:\Users\Trist\source\repos\BookLoggerApp\BookLoggerApp.Tests\BookLoggerApp.Tests.csproj]
C:\Users\Trist\source\repos\BookLoggerApp\BookLoggerApp.Tests\Integration\MigrationTests.cs(144,23): error CS1061: 'Book' does not contain a definition for 'OverallRating' and no accessible extension method 'OverallRating' accepting a first argument of type 'Book' could be found (are you missing a using directive or an assembly reference?) [C:\Users\Trist\source\repos\BookLoggerApp\BookLoggerApp.Tests\BookLoggerApp.Tests.csproj]
C:\Users\Trist\source\repos\BookLoggerApp\BookLoggerApp.Tests\Services\StatsServiceTests.cs(187,13): error CS1912: Duplicate initialization of member 'WorldBuildingRating' [C:\Users\Trist\source\repos\BookLoggerApp\BookLoggerApp.Tests\BookLoggerApp.Tests.csproj]
C:\Users\Trist\source\repos\BookLoggerApp\BookLoggerApp.Tests\Models\BookTests.cs(181,14): error CS1061: 'Book' does not contain a definition for 'Rating' and no accessible extension method 'Rating' accepting a first argument of type 'Book' could be found (are you missing a using directive or an assembly reference?) [C:\Users\Trist\source\repos\BookLoggerApp\BookLoggerApp.Tests\BookLoggerApp.Tests.csproj]
C:\Users\Trist\source\repos\BookLoggerApp\BookLoggerApp.Tests\Models\BookTests.cs(184,14): error CS1061: 'Book' does not contain a definition for 'OverallRating' and no accessible extension method 'OverallRating' accepting a first argument of type 'Book' could be found (are you missing a using directive or an assembly reference?) [C:\Users\Trist\source\repos\BookLoggerApp\BookLoggerApp.Tests\BookLoggerApp.Tests.csproj]
C:\Users\Trist\source\repos\BookLoggerApp\BookLoggerApp.Tests\Models\BookTests.cs(185,14): error CS1061: 'Book' does not contain a definition for 'Rating' and no accessible extension method 'Rating' accepting a first argument of type 'Book' could be found (are you missing a using directive or an assembly reference?) [C:\Users\Trist\source\repos\BookLoggerApp\BookLoggerApp.Tests\BookLoggerApp.Tests.csproj]
C:\Users\Trist\source\repos\BookLoggerApp\BookLoggerApp.Tests\Models\BookTests.cs(195,13): error CS0117: 'Book' does not contain a definition for 'OverallRating' [C:\Users\Trist\source\repos\BookLoggerApp\BookLoggerApp.Tests\BookLoggerApp.Tests.csproj]
C:\Users\Trist\source\repos\BookLoggerApp\BookLoggerApp.Tests\Models\BookTests.cs(200,14): error CS1061: 'Book' does not contain a definition for 'Rating' and no accessible extension method 'Rating' accepting a first argument of type 'Book' could be found (are you missing a using directive or an assembly reference?) [C:\Users\Trist\source\repos\BookLoggerApp\BookLoggerApp.Tests\BookLoggerApp.Tests.csproj]
C:\Users\Trist\source\repos\BookLoggerApp\BookLoggerApp.Tests\Integration\RatingIntegrationTests.cs(294,14): error CS1061: 'Book' does not contain a definition for 'Rating' and no accessible extension method 'Rating' accepting a first argument of type 'Book' could be found (are you missing a using directive or an assembly reference?) [C:\Users\Trist\source\repos\BookLoggerApp\BookLoggerApp.Tests\BookLoggerApp.Tests.csproj]
C:\Users\Trist\source\repos\BookLoggerApp\BookLoggerApp.Tests\Integration\RatingIntegrationTests.cs(303,20): error CS1061: 'Book' does not contain a definition for 'OverallRating' and no accessible extension method 'OverallRating' accepting a first argument of type 'Book' could be found (are you missing a using directive or an assembly reference?) [C:\Users\Trist\source\repos\BookLoggerApp\BookLoggerApp.Tests\BookLoggerApp.Tests.csproj]
C:\Users\Trist\source\repos\BookLoggerApp\BookLoggerApp.Tests\Integration\RatingIntegrationTests.cs(305,19): error CS1061: 'Book' does not contain a definition for 'Rating' and no accessible extension method 'Rating' accepting a first argument of type 'Book' could be found (are you missing a using directive or an assembly reference?) [C:\Users\Trist\source\repos\BookLoggerApp\BookLoggerApp.Tests\BookLoggerApp.Tests.csproj]
C:\Users\Trist\source\repos\BookLoggerApp\BookLoggerApp.Tests\Integration\RatingIntegrationTests.cs(309,97): error CS0117: 'RatingCategory' does not contain a definition for 'Overall' [C:\Users\Trist\source\repos\BookLoggerApp\BookLoggerApp.Tests\BookLoggerApp.Tests.csproj]
C:\Users\Trist\source\repos\BookLoggerApp\BookLoggerApp.Tests\Integration\MigrationTests.cs(161,22): error CS1061: 'Book' does not contain a definition for 'Rating' and no accessible extension method 'Rating' accepting a first argument of type 'Book' could be found (are you missing a using directive or an assembly reference?) [C:\Users\Trist\source\repos\BookLoggerApp\BookLoggerApp.Tests\BookLoggerApp.Tests.csproj]
C:\Users\Trist\source\repos\BookLoggerApp\BookLoggerApp.Tests\Integration\MigrationTests.cs(178,13): error CS0117: 'Book' does not contain a definition for 'OverallRating' [C:\Users\Trist\source\repos\BookLoggerApp\BookLoggerApp.Tests\BookLoggerApp.Tests.csproj]
C:\Users\Trist\source\repos\BookLoggerApp\BookLoggerApp.Tests\Integration\MigrationTests.cs(195,22): error CS1061: 'Book' does not contain a definition for 'OverallRating' and no accessible extension method 'OverallRating' accepting a first argument of type 'Book' could be found (are you missing a using directive or an assembly reference?) [C:\Users\Trist\source\repos\BookLoggerApp\BookLoggerApp.Tests\BookLoggerApp.Tests.csproj]
C:\Users\Trist\source\repos\BookLoggerApp\BookLoggerApp.Tests\Integration\MigrationTests.cs(206,25): error CS1061: 'Book' does not contain a definition for 'OverallRating' and no accessible extension method 'OverallRating' accepting a first argument of type 'Book' could be found (are you missing a using directive or an assembly reference?) [C:\Users\Trist\source\repos\BookLoggerApp\BookLoggerApp.Tests\BookLoggerApp.Tests.csproj]
C:\Users\Trist\source\repos\BookLoggerApp\BookLoggerApp.Tests\Integration\MigrationTests.cs(229,13): error CS0117: 'Book' does not contain a definition for 'OverallRating' [C:\Users\Trist\source\repos\BookLoggerApp\BookLoggerApp.Tests\BookLoggerApp.Tests.csproj]
C:\Users\Trist\source\repos\BookLoggerApp\BookLoggerApp.Tests\Integration\MigrationTests.cs(244,19): error CS1061: 'Book' does not contain a definition for 'OverallRating' and no accessible extension method 'OverallRating' accepting a first argument of type 'Book' could be found (are you missing a using directive or an assembly reference?) [C:\Users\Trist\source\repos\BookLoggerApp\BookLoggerApp.Tests\BookLoggerApp.Tests.csproj]
C:\Users\Trist\source\repos\BookLoggerApp\BookLoggerApp.Tests\Integration\RatingIntegrationTests.cs(383,13): error CS0117: 'Book' does not contain a definition for 'OverallRating' [C:\Users\Trist\source\repos\BookLoggerApp\BookLoggerApp.Tests\BookLoggerApp.Tests.csproj]
C:\Users\Trist\source\repos\BookLoggerApp\BookLoggerApp.Tests\Integration\RatingIntegrationTests.cs(402,40): error CS0117: 'RatingCategory' does not contain a definition for 'Overall' [C:\Users\Trist\source\repos\BookLoggerApp\BookLoggerApp.Tests\BookLoggerApp.Tests.csproj]
C:\Users\Trist\source\repos\BookLoggerApp\BookLoggerApp.Tests\Integration\MigrationTests.cs(299,14): error CS1061: 'Book' does not contain a definition for 'Rating' and no accessible extension method 'Rating' accepting a first argument of type 'Book' could be found (are you missing a using directive or an assembly reference?) [C:\Users\Trist\source\repos\BookLoggerApp\BookLoggerApp.Tests\BookLoggerApp.Tests.csproj]
C:\Users\Trist\source\repos\BookLoggerApp\BookLoggerApp.Tests\Integration\MigrationTests.cs(309,20): error CS1061: 'Book' does not contain a definition for 'OverallRating' and no accessible extension method 'OverallRating' accepting a first argument of type 'Book' could be found (are you missing a using directive or an assembly reference?) [C:\Users\Trist\source\repos\BookLoggerApp\BookLoggerApp.Tests\BookLoggerApp.Tests.csproj]
C:\Users\Trist\source\repos\BookLoggerApp\BookLoggerApp.Tests\Integration\MigrationTests.cs(311,19): error CS1061: 'Book' does not contain a definition for 'Rating' and no accessible extension method 'Rating' accepting a first argument of type 'Book' could be found (are you missing a using directive or an assembly reference?) [C:\Users\Trist\source\repos\BookLoggerApp\BookLoggerApp.Tests\BookLoggerApp.Tests.csproj]
C:\Users\Trist\source\repos\BookLoggerApp\BookLoggerApp.Tests\Integration\MigrationTests.cs(316,19): error CS1061: 'Book' does not contain a definition for 'Rating' and no accessible extension method 'Rating' accepting a first argument of type 'Book' could be found (are you missing a using directive or an assembly reference?) [C:\Users\Trist\source\repos\BookLoggerApp\BookLoggerApp.Tests\BookLoggerApp.Tests.csproj]
C:\Users\Trist\source\repos\BookLoggerApp\BookLoggerApp.Tests\Integration\MigrationTests.cs(323,22): error CS1061: 'Book' does not contain a definition for 'OverallRating' and no accessible extension method 'OverallRating' accepting a first argument of type 'Book' could be found (are you missing a using directive or an assembly reference?) [C:\Users\Trist\source\repos\BookLoggerApp\BookLoggerApp.Tests\BookLoggerApp.Tests.csproj]
C:\Users\Trist\source\repos\BookLoggerApp\BookLoggerApp.Tests\Integration\MigrationTests.cs(325,21): error CS1061: 'Book' does not contain a definition for 'Rating' and no accessible extension method 'Rating' accepting a first argument of type 'Book' could be found (are you missing a using directive or an assembly reference?) [C:\Users\Trist\source\repos\BookLoggerApp\BookLoggerApp.Tests\BookLoggerApp.Tests.csproj]
C:\Users\Trist\source\repos\BookLoggerApp\BookLoggerApp.Tests\Services\StatsServiceTests.cs(389,13): error CS1912: Duplicate initialization of member 'WorldBuildingRating' [C:\Users\Trist\source\repos\BookLoggerApp\BookLoggerApp.Tests\BookLoggerApp.Tests.csproj]
    2 Warning(s)
    35 Error(s)

Time Elapsed 00:00:26.19
