  Determining projects to restore...
  All projects are up-to-date for restore.
C:\Users\Trist\source\repos\BookLoggerApp\BookLoggerApp.Core\Validators\BookValidator.cs(37,24): error CS1061: 'Book' does not contain a definition for 'OverallRating' and no accessible extension method 'OverallRating' accepting a first argument of type 'Book' could be found (are you missing a using directive or an assembly reference?) [C:\Users\Trist\source\repos\BookLoggerApp\BookLoggerApp.Core\BookLoggerApp.Core.csproj]

Build FAILED.

C:\Users\Trist\source\repos\BookLoggerApp\BookLoggerApp.Core\Validators\BookValidator.cs(37,24): error CS1061: 'Book' does not contain a definition for 'OverallRating' and no accessible extension method 'OverallRating' accepting a first argument of type 'Book' could be found (are you missing a using directive or an assembly reference?) [C:\Users\Trist\source\repos\BookLoggerApp\BookLoggerApp.Core\BookLoggerApp.Core.csproj]
    0 Warning(s)
    1 Error(s)

Time Elapsed 00:00:01.54
