  Determining projects to restore...
  All projects are up-to-date for restore.
  BookLoggerApp.Core -> C:\Users\Trist\source\repos\BookLoggerApp\BookLoggerApp.Core\bin\Debug\net10.0\BookLoggerApp.Core.dll
  BookLoggerApp.Infrastructure -> C:\Users\Trist\source\repos\BookLoggerApp\BookLoggerApp.Infrastructure\bin\Debug\net10.0\BookLoggerApp.Infrastructure.dll
C:\Users\Trist\source\repos\BookLoggerApp\BookLoggerApp.Tests\Integration\RatingIntegrationTests.cs(57,36): error CS1003: Syntax error, ',' expected [C:\Users\Trist\source\repos\BookLoggerApp\BookLoggerApp.Tests\BookLoggerApp.Tests.csproj]
C:\Users\Trist\source\repos\BookLoggerApp\BookLoggerApp.Tests\Integration\RatingIntegrationTests.cs(60,13): error CS1003: Syntax error, ',' expected [C:\Users\Trist\source\repos\BookLoggerApp\BookLoggerApp.Tests\BookLoggerApp.Tests.csproj]
C:\Users\Trist\source\repos\BookLoggerApp\BookLoggerApp.Tests\Integration\RatingIntegrationTests.cs(60,58): error CS1003: Syntax error, ',' expected [C:\Users\Trist\source\repos\BookLoggerApp\BookLoggerApp.Tests\BookLoggerApp.Tests.csproj]
C:\Users\Trist\source\repos\BookLoggerApp\BookLoggerApp.Tests\Integration\RatingIntegrationTests.cs(63,13): error CS1003: Syntax error, ',' expected [C:\Users\Trist\source\repos\BookLoggerApp\BookLoggerApp.Tests\BookLoggerApp.Tests.csproj]
C:\Users\Trist\source\repos\BookLoggerApp\BookLoggerApp.Tests\Integration\RatingIntegrationTests.cs(63,74): error CS1003: Syntax error, ',' expected [C:\Users\Trist\source\repos\BookLoggerApp\BookLoggerApp.Tests\BookLoggerApp.Tests.csproj]
C:\Users\Trist\source\repos\BookLoggerApp\BookLoggerApp.Tests\Integration\RatingIntegrationTests.cs(66,13): error CS1003: Syntax error, ',' expected [C:\Users\Trist\source\repos\BookLoggerApp\BookLoggerApp.Tests\BookLoggerApp.Tests.csproj]
C:\Users\Trist\source\repos\BookLoggerApp\BookLoggerApp.Tests\Integration\RatingIntegrationTests.cs(66,71): error CS1003: Syntax error, ',' expected [C:\Users\Trist\source\repos\BookLoggerApp\BookLoggerApp.Tests\BookLoggerApp.Tests.csproj]
C:\Users\Trist\source\repos\BookLoggerApp\BookLoggerApp.Tests\Integration\RatingIntegrationTests.cs(67,13): error CS1003: Syntax error, ',' expected [C:\Users\Trist\source\repos\BookLoggerApp\BookLoggerApp.Tests\BookLoggerApp.Tests.csproj]
C:\Users\Trist\source\repos\BookLoggerApp\BookLoggerApp.Tests\Integration\RatingIntegrationTests.cs(67,69): error CS1003: Syntax error, ',' expected [C:\Users\Trist\source\repos\BookLoggerApp\BookLoggerApp.Tests\BookLoggerApp.Tests.csproj]
C:\Users\Trist\source\repos\BookLoggerApp\BookLoggerApp.Tests\Integration\RatingIntegrationTests.cs(70,43): error CS1003: Syntax error, ',' expected [C:\Users\Trist\source\repos\BookLoggerApp\BookLoggerApp.Tests\BookLoggerApp.Tests.csproj]
C:\Users\Trist\source\repos\BookLoggerApp\BookLoggerApp.Tests\Integration\RatingIntegrationTests.cs(71,55): error CS1003: Syntax error, ',' expected [C:\Users\Trist\source\repos\BookLoggerApp\BookLoggerApp.Tests\BookLoggerApp.Tests.csproj]
C:\Users\Trist\source\repos\BookLoggerApp\BookLoggerApp.Tests\Integration\RatingIntegrationTests.cs(72,48): error CS1003: Syntax error, ',' expected [C:\Users\Trist\source\repos\BookLoggerApp\BookLoggerApp.Tests\BookLoggerApp.Tests.csproj]
C:\Users\Trist\source\repos\BookLoggerApp\BookLoggerApp.Tests\Integration\RatingIntegrationTests.cs(73,56): error CS1003: Syntax error, ',' expected [C:\Users\Trist\source\repos\BookLoggerApp\BookLoggerApp.Tests\BookLoggerApp.Tests.csproj]
C:\Users\Trist\source\repos\BookLoggerApp\BookLoggerApp.Tests\Integration\RatingIntegrationTests.cs(74,54): error CS1003: Syntax error, ',' expected [C:\Users\Trist\source\repos\BookLoggerApp\BookLoggerApp.Tests\BookLoggerApp.Tests.csproj]
C:\Users\Trist\source\repos\BookLoggerApp\BookLoggerApp.Tests\Integration\RatingIntegrationTests.cs(75,50): error CS1003: Syntax error, ',' expected [C:\Users\Trist\source\repos\BookLoggerApp\BookLoggerApp.Tests\BookLoggerApp.Tests.csproj]
C:\Users\Trist\source\repos\BookLoggerApp\BookLoggerApp.Tests\Integration\RatingIntegrationTests.cs(76,57): error CS1003: Syntax error, ',' expected [C:\Users\Trist\source\repos\BookLoggerApp\BookLoggerApp.Tests\BookLoggerApp.Tests.csproj]
C:\Users\Trist\source\repos\BookLoggerApp\BookLoggerApp.Tests\Integration\RatingIntegrationTests.cs(77,57): error CS1003: Syntax error, ',' expected [C:\Users\Trist\source\repos\BookLoggerApp\BookLoggerApp.Tests\BookLoggerApp.Tests.csproj]
C:\Users\Trist\source\repos\BookLoggerApp\BookLoggerApp.Tests\Integration\RatingIntegrationTests.cs(80,57): error CS1003: Syntax error, ',' expected [C:\Users\Trist\source\repos\BookLoggerApp\BookLoggerApp.Tests\BookLoggerApp.Tests.csproj]
C:\Users\Trist\source\repos\BookLoggerApp\BookLoggerApp.Tests\Integration\RatingIntegrationTests.cs(81,79): error CS1003: Syntax error, ',' expected [C:\Users\Trist\source\repos\BookLoggerApp\BookLoggerApp.Tests\BookLoggerApp.Tests.csproj]
C:\Users\Trist\source\repos\BookLoggerApp\BookLoggerApp.Tests\Integration\RatingIntegrationTests.cs(84,61): error CS1003: Syntax error, ',' expected [C:\Users\Trist\source\repos\BookLoggerApp\BookLoggerApp.Tests\BookLoggerApp.Tests.csproj]
C:\Users\Trist\source\repos\BookLoggerApp\BookLoggerApp.Tests\Integration\RatingIntegrationTests.cs(85,55): error CS1003: Syntax error, ',' expected [C:\Users\Trist\source\repos\BookLoggerApp\BookLoggerApp.Tests\BookLoggerApp.Tests.csproj]
C:\Users\Trist\source\repos\BookLoggerApp\BookLoggerApp.Tests\Integration\RatingIntegrationTests.cs(86,42): error CS1003: Syntax error, ',' expected [C:\Users\Trist\source\repos\BookLoggerApp\BookLoggerApp.Tests\BookLoggerApp.Tests.csproj]
C:\Users\Trist\source\repos\BookLoggerApp\BookLoggerApp.Tests\Integration\RatingIntegrationTests.cs(87,56): error CS1003: Syntax error, ',' expected [C:\Users\Trist\source\repos\BookLoggerApp\BookLoggerApp.Tests\BookLoggerApp.Tests.csproj]
C:\Users\Trist\source\repos\BookLoggerApp\BookLoggerApp.Tests\Integration\RatingIntegrationTests.cs(90,11): error CS1002: ; expected [C:\Users\Trist\source\repos\BookLoggerApp\BookLoggerApp.Tests\BookLoggerApp.Tests.csproj]
C:\Users\Trist\source\repos\BookLoggerApp\BookLoggerApp.Tests\Integration\RatingIntegrationTests.cs(90,11): error CS1513: } expected [C:\Users\Trist\source\repos\BookLoggerApp\BookLoggerApp.Tests\BookLoggerApp.Tests.csproj]
  BookLoggerApp -> C:\Users\Trist\source\repos\BookLoggerApp\BookLoggerApp\bin\Debug\net10.0-maccatalyst\maccatalyst-x64\BookLoggerApp.dll
  BookLoggerApp -> C:\Users\Trist\source\repos\BookLoggerApp\BookLoggerApp\bin\Debug\net10.0-ios\iossimulator-x64\BookLoggerApp.dll
  BookLoggerApp -> C:\Users\Trist\source\repos\BookLoggerApp\BookLoggerApp\bin\Debug\net10.0-android\BookLoggerApp.dll
  BookLoggerApp.Core -> C:\Users\Trist\source\repos\BookLoggerApp\BookLoggerApp.Core\bin\Debug\net10.0\BookLoggerApp.Core.dll
  BookLoggerApp.Infrastructure -> C:\Users\Trist\source\repos\BookLoggerApp\BookLoggerApp.Infrastructure\bin\Debug\net10.0\BookLoggerApp.Infrastructure.dll
C:\Program Files\dotnet\packs\Microsoft.Android.Sdk.Windows\36.1.2\targets\Microsoft.Android.Sdk.AssemblyResolution.targets(49,7): warning XA1024: Ignoring configuration file 'C:\Users\Trist\.nuget\packages\microsoft.codeanalysis.workspaces.msbuild\4.14.0\contentFiles\any\any\BuildHost-net472\Microsoft.CodeAnalysis.Workspaces.MSBuild.BuildHost.exe.config'. .NET configuration files are not supported in .NET for Android projects that target .NET 6 or higher. [C:\Users\Trist\source\repos\BookLoggerApp\BookLoggerApp\BookLoggerApp.csproj::TargetFramework=net10.0-android]
C:\Program Files\dotnet\packs\Microsoft.Android.Sdk.Windows\36.1.2\targets\Microsoft.Android.Sdk.AssemblyResolution.targets(49,7): warning XA1024: Ignoring configuration file 'C:\Users\Trist\.nuget\packages\microsoft.codeanalysis.workspaces.msbuild\4.14.0\contentFiles\any\any\BuildHost-netcore\Microsoft.CodeAnalysis.Workspaces.MSBuild.BuildHost.dll.config'. .NET configuration files are not supported in .NET for Android projects that target .NET 6 or higher. [C:\Users\Trist\source\repos\BookLoggerApp\BookLoggerApp\BookLoggerApp.csproj::TargetFramework=net10.0-android]
  BookLoggerApp -> C:\Users\Trist\source\repos\BookLoggerApp\BookLoggerApp\bin\Debug\net10.0-windows10.0.19041.0\win-x64\BookLoggerApp.dll

Build FAILED.

C:\Program Files\dotnet\packs\Microsoft.Android.Sdk.Windows\36.1.2\targets\Microsoft.Android.Sdk.AssemblyResolution.targets(49,7): warning XA1024: Ignoring configuration file 'C:\Users\Trist\.nuget\packages\microsoft.codeanalysis.workspaces.msbuild\4.14.0\contentFiles\any\any\BuildHost-net472\Microsoft.CodeAnalysis.Workspaces.MSBuild.BuildHost.exe.config'. .NET configuration files are not supported in .NET for Android projects that target .NET 6 or higher. [C:\Users\Trist\source\repos\BookLoggerApp\BookLoggerApp\BookLoggerApp.csproj::TargetFramework=net10.0-android]
C:\Program Files\dotnet\packs\Microsoft.Android.Sdk.Windows\36.1.2\targets\Microsoft.Android.Sdk.AssemblyResolution.targets(49,7): warning XA1024: Ignoring configuration file 'C:\Users\Trist\.nuget\packages\microsoft.codeanalysis.workspaces.msbuild\4.14.0\contentFiles\any\any\BuildHost-netcore\Microsoft.CodeAnalysis.Workspaces.MSBuild.BuildHost.dll.config'. .NET configuration files are not supported in .NET for Android projects that target .NET 6 or higher. [C:\Users\Trist\source\repos\BookLoggerApp\BookLoggerApp\BookLoggerApp.csproj::TargetFramework=net10.0-android]
C:\Users\Trist\source\repos\BookLoggerApp\BookLoggerApp.Tests\Integration\RatingIntegrationTests.cs(57,36): error CS1003: Syntax error, ',' expected [C:\Users\Trist\source\repos\BookLoggerApp\BookLoggerApp.Tests\BookLoggerApp.Tests.csproj]
C:\Users\Trist\source\repos\BookLoggerApp\BookLoggerApp.Tests\Integration\RatingIntegrationTests.cs(60,13): error CS1003: Syntax error, ',' expected [C:\Users\Trist\source\repos\BookLoggerApp\BookLoggerApp.Tests\BookLoggerApp.Tests.csproj]
C:\Users\Trist\source\repos\BookLoggerApp\BookLoggerApp.Tests\Integration\RatingIntegrationTests.cs(60,58): error CS1003: Syntax error, ',' expected [C:\Users\Trist\source\repos\BookLoggerApp\BookLoggerApp.Tests\BookLoggerApp.Tests.csproj]
C:\Users\Trist\source\repos\BookLoggerApp\BookLoggerApp.Tests\Integration\RatingIntegrationTests.cs(63,13): error CS1003: Syntax error, ',' expected [C:\Users\Trist\source\repos\BookLoggerApp\BookLoggerApp.Tests\BookLoggerApp.Tests.csproj]
C:\Users\Trist\source\repos\BookLoggerApp\BookLoggerApp.Tests\Integration\RatingIntegrationTests.cs(63,74): error CS1003: Syntax error, ',' expected [C:\Users\Trist\source\repos\BookLoggerApp\BookLoggerApp.Tests\BookLoggerApp.Tests.csproj]
C:\Users\Trist\source\repos\BookLoggerApp\BookLoggerApp.Tests\Integration\RatingIntegrationTests.cs(66,13): error CS1003: Syntax error, ',' expected [C:\Users\Trist\source\repos\BookLoggerApp\BookLoggerApp.Tests\BookLoggerApp.Tests.csproj]
C:\Users\Trist\source\repos\BookLoggerApp\BookLoggerApp.Tests\Integration\RatingIntegrationTests.cs(66,71): error CS1003: Syntax error, ',' expected [C:\Users\Trist\source\repos\BookLoggerApp\BookLoggerApp.Tests\BookLoggerApp.Tests.csproj]
C:\Users\Trist\source\repos\BookLoggerApp\BookLoggerApp.Tests\Integration\RatingIntegrationTests.cs(67,13): error CS1003: Syntax error, ',' expected [C:\Users\Trist\source\repos\BookLoggerApp\BookLoggerApp.Tests\BookLoggerApp.Tests.csproj]
C:\Users\Trist\source\repos\BookLoggerApp\BookLoggerApp.Tests\Integration\RatingIntegrationTests.cs(67,69): error CS1003: Syntax error, ',' expected [C:\Users\Trist\source\repos\BookLoggerApp\BookLoggerApp.Tests\BookLoggerApp.Tests.csproj]
C:\Users\Trist\source\repos\BookLoggerApp\BookLoggerApp.Tests\Integration\RatingIntegrationTests.cs(70,43): error CS1003: Syntax error, ',' expected [C:\Users\Trist\source\repos\BookLoggerApp\BookLoggerApp.Tests\BookLoggerApp.Tests.csproj]
C:\Users\Trist\source\repos\BookLoggerApp\BookLoggerApp.Tests\Integration\RatingIntegrationTests.cs(71,55): error CS1003: Syntax error, ',' expected [C:\Users\Trist\source\repos\BookLoggerApp\BookLoggerApp.Tests\BookLoggerApp.Tests.csproj]
C:\Users\Trist\source\repos\BookLoggerApp\BookLoggerApp.Tests\Integration\RatingIntegrationTests.cs(72,48): error CS1003: Syntax error, ',' expected [C:\Users\Trist\source\repos\BookLoggerApp\BookLoggerApp.Tests\BookLoggerApp.Tests.csproj]
C:\Users\Trist\source\repos\BookLoggerApp\BookLoggerApp.Tests\Integration\RatingIntegrationTests.cs(73,56): error CS1003: Syntax error, ',' expected [C:\Users\Trist\source\repos\BookLoggerApp\BookLoggerApp.Tests\BookLoggerApp.Tests.csproj]
C:\Users\Trist\source\repos\BookLoggerApp\BookLoggerApp.Tests\Integration\RatingIntegrationTests.cs(74,54): error CS1003: Syntax error, ',' expected [C:\Users\Trist\source\repos\BookLoggerApp\BookLoggerApp.Tests\BookLoggerApp.Tests.csproj]
C:\Users\Trist\source\repos\BookLoggerApp\BookLoggerApp.Tests\Integration\RatingIntegrationTests.cs(75,50): error CS1003: Syntax error, ',' expected [C:\Users\Trist\source\repos\BookLoggerApp\BookLoggerApp.Tests\BookLoggerApp.Tests.csproj]
C:\Users\Trist\source\repos\BookLoggerApp\BookLoggerApp.Tests\Integration\RatingIntegrationTests.cs(76,57): error CS1003: Syntax error, ',' expected [C:\Users\Trist\source\repos\BookLoggerApp\BookLoggerApp.Tests\BookLoggerApp.Tests.csproj]
C:\Users\Trist\source\repos\BookLoggerApp\BookLoggerApp.Tests\Integration\RatingIntegrationTests.cs(77,57): error CS1003: Syntax error, ',' expected [C:\Users\Trist\source\repos\BookLoggerApp\BookLoggerApp.Tests\BookLoggerApp.Tests.csproj]
C:\Users\Trist\source\repos\BookLoggerApp\BookLoggerApp.Tests\Integration\RatingIntegrationTests.cs(80,57): error CS1003: Syntax error, ',' expected [C:\Users\Trist\source\repos\BookLoggerApp\BookLoggerApp.Tests\BookLoggerApp.Tests.csproj]
C:\Users\Trist\source\repos\BookLoggerApp\BookLoggerApp.Tests\Integration\RatingIntegrationTests.cs(81,79): error CS1003: Syntax error, ',' expected [C:\Users\Trist\source\repos\BookLoggerApp\BookLoggerApp.Tests\BookLoggerApp.Tests.csproj]
C:\Users\Trist\source\repos\BookLoggerApp\BookLoggerApp.Tests\Integration\RatingIntegrationTests.cs(84,61): error CS1003: Syntax error, ',' expected [C:\Users\Trist\source\repos\BookLoggerApp\BookLoggerApp.Tests\BookLoggerApp.Tests.csproj]
C:\Users\Trist\source\repos\BookLoggerApp\BookLoggerApp.Tests\Integration\RatingIntegrationTests.cs(85,55): error CS1003: Syntax error, ',' expected [C:\Users\Trist\source\repos\BookLoggerApp\BookLoggerApp.Tests\BookLoggerApp.Tests.csproj]
C:\Users\Trist\source\repos\BookLoggerApp\BookLoggerApp.Tests\Integration\RatingIntegrationTests.cs(86,42): error CS1003: Syntax error, ',' expected [C:\Users\Trist\source\repos\BookLoggerApp\BookLoggerApp.Tests\BookLoggerApp.Tests.csproj]
C:\Users\Trist\source\repos\BookLoggerApp\BookLoggerApp.Tests\Integration\RatingIntegrationTests.cs(87,56): error CS1003: Syntax error, ',' expected [C:\Users\Trist\source\repos\BookLoggerApp\BookLoggerApp.Tests\BookLoggerApp.Tests.csproj]
C:\Users\Trist\source\repos\BookLoggerApp\BookLoggerApp.Tests\Integration\RatingIntegrationTests.cs(90,11): error CS1002: ; expected [C:\Users\Trist\source\repos\BookLoggerApp\BookLoggerApp.Tests\BookLoggerApp.Tests.csproj]
C:\Users\Trist\source\repos\BookLoggerApp\BookLoggerApp.Tests\Integration\RatingIntegrationTests.cs(90,11): error CS1513: } expected [C:\Users\Trist\source\repos\BookLoggerApp\BookLoggerApp.Tests\BookLoggerApp.Tests.csproj]
    2 Warning(s)
    25 Error(s)

Time Elapsed 00:00:02.60
